2021-12-22 02:58:41,400:INFO:PyCaret Supervised Module
2021-12-22 02:58:41,401:INFO:ML Usecase: anomaly
2021-12-22 02:58:41,401:INFO:version 2.3.5
2021-12-22 02:58:41,401:INFO:Initializing setup()
2021-12-22 02:58:41,401:INFO:setup(target=None, ml_usecase=anomaly, available_plots={'tsne': 'Anomaly TSnE (3d)', 'umap': 'UMAP Dimensionality'}, train_size=0.7, test_data=None, preprocess=True, imputation_type=simple, iterative_imputation_iters=5, categorical_features=None, categorical_imputation=mode, categorical_iterative_imputer=lightgbm, ordinal_features=None, high_cardinality_features=None, high_cardinality_method=frequency, numeric_features=None, numeric_imputation=mean, numeric_iterative_imputer=lightgbm, date_features=None, ignore_features=None, normalize=False, normalize_method=zscore, transformation=False, transformation_method=yeo-johnson, handle_unknown_categorical=True, unknown_categorical_method=least_frequent, pca=False, pca_method=linear, pca_components=None, ignore_low_variance=True, combine_rare_levels=False, rare_level_threshold=0.1, bin_numeric_features=None, remove_outliers=False, outliers_threshold=0.05, remove_multicollinearity=False, multicollinearity_threshold=0.9, remove_perfect_collinearity=True, create_clusters=False, cluster_iter=20, polynomial_features=False, polynomial_degree=2, trigonometry_features=False, polynomial_threshold=0.1, group_features=None, group_names=None, feature_selection=False, feature_selection_threshold=0.8, feature_selection_method=classic, feature_interaction=False, feature_ratio=False, interaction_threshold=0.01, fix_imbalance=False, fix_imbalance_method=None, transform_target=False, transform_target_method=box-cox, data_split_shuffle=False, data_split_stratify=False, fold_strategy=kfold, fold=10, fold_shuffle=False, fold_groups=None, n_jobs=-1, use_gpu=False, custom_pipeline=None, html=True, session_id=None, log_experiment=False, experiment_name=None, log_plots=False, log_profile=False, log_data=False, silent=True, verbose=True, profile=False, profile_kwargs=None, display=None)
2021-12-22 02:58:41,401:INFO:Checking environment
2021-12-22 02:58:41,402:INFO:python_version: 3.8.5
2021-12-22 02:58:41,402:INFO:python_build: ('default', 'Sep  4 2020 07:30:14')
2021-12-22 02:58:41,402:INFO:machine: x86_64
2021-12-22 02:58:41,446:INFO:platform: Linux-4.15.0-142-generic-x86_64-with-glibc2.10
2021-12-22 02:58:41,447:INFO:Memory: svmem(total=12590649344, available=9152004096, percent=27.3, used=3079630848, free=661700608, active=6492569600, inactive=4399857664, buffers=2242801664, cached=6606516224, shared=38969344, slab=865693696)
2021-12-22 02:58:41,448:INFO:Physical Core: 8
2021-12-22 02:58:41,448:INFO:Logical Core: 8
2021-12-22 02:58:41,449:INFO:Checking libraries
2021-12-22 02:58:41,449:INFO:pd==1.3.5
2021-12-22 02:58:41,449:INFO:numpy==1.19.5
2021-12-22 02:58:41,449:INFO:sklearn==0.23.2
2021-12-22 02:58:41,450:INFO:lightgbm==3.3.1
2021-12-22 02:58:41,450:WARNING:catboost not found
2021-12-22 02:58:41,451:WARNING:xgboost not found
2021-12-22 02:58:41,731:INFO:mlflow==1.22.0
2021-12-22 02:58:41,731:INFO:Checking Exceptions
2021-12-22 02:58:41,732:INFO:Declaring global variables
2021-12-22 02:58:41,732:INFO:USI: 4768
2021-12-22 02:58:41,732:INFO:pycaret_globals: {'html_param', 'fold_shuffle_param', '_internal_pipeline', 'X', 'imputation_classifier', 'pycaret_globals', 'logging_param', '_gpu_n_jobs_param', 'iterative_imputation_iters_param', 'n_jobs_param', 'transform_target_param', 'fold_groups_param', 'display_container', 'fix_imbalance_param', 'prep_pipe', '_available_plots', 'gpu_param', 'master_model_container', 'transform_target_method_param', '_all_models', 'imputation_regressor', 'exp_name_log', 'fix_imbalance_method_param', 'fold_groups_param_full', 'target_param', 'create_model_container', 'data_before_preprocess', 'stratify_param', 'fold_generator', '_all_metrics', 'log_plots_param', 'seed', '_all_models_internal', 'USI', 'experiment__', 'fold_param', '_ml_usecase'}
2021-12-22 02:58:41,732:INFO:Preparing display monitor
2021-12-22 02:58:41,733:INFO:Preparing display monitor
2021-12-22 02:58:41,864:INFO:Importing libraries
2021-12-22 02:58:41,864:INFO:Copying data for preprocessing
2021-12-22 02:58:41,869:INFO:Declaring preprocessing parameters
2021-12-22 02:58:41,872:INFO:Creating preprocessing pipeline
2021-12-22 02:58:41,961:INFO:Preprocessing pipeline created successfully
2021-12-22 02:58:41,961:ERROR:(Process Exit): setup has been interupted with user command 'quit'. setup must rerun.
2021-12-22 02:58:41,962:INFO:Creating global containers
2021-12-22 02:58:41,963:INFO:Internal pipeline: Pipeline(memory=None, steps=[('empty_step', 'passthrough')], verbose=False)
2021-12-22 02:58:44,141:INFO:Creating grid variables
2021-12-22 02:58:44,147:INFO:create_model_container: 0
2021-12-22 02:58:44,147:INFO:master_model_container: 0
2021-12-22 02:58:44,147:INFO:display_container: 1
2021-12-22 02:58:44,154:INFO:Pipeline(memory=None,
         steps=[('dtypes',
                 DataTypes_Auto_infer(categorical_features=[],
                                      display_types=False, features_todrop=[],
                                      id_columns=['MedianPeakWidthAt10%H(s)',
                                                  'TMT1_missing_values'],
                                      ml_usecase='regression',
                                      numerical_features=[],
                                      target='UNSUPERVISED_DUMMY_TARGET',
                                      time_features=[])),
                ('imputer',
                 Simple_Imputer(categorical_strategy='most frequent',
                                fill...
                ('binn', 'passthrough'), ('rem_outliers', 'passthrough'),
                ('cluster_all', 'passthrough'),
                ('dummy', Dummify(target='UNSUPERVISED_DUMMY_TARGET')),
                ('fix_perfect', Remove_100(target='UNSUPERVISED_DUMMY_TARGET')),
                ('clean_names', Clean_Colum_Names()),
                ('feature_select', 'passthrough'), ('fix_multi', 'passthrough'),
                ('dfs', 'passthrough'), ('pca', 'passthrough')],
         verbose=False)
2021-12-22 02:58:44,155:INFO:setup() succesfully completed......................................
2021-12-22 02:58:44,396:INFO:Initializing create_model()
2021-12-22 02:58:44,396:INFO:create_model(estimator=iforest, num_clusters=4, fraction=0.05, ground_truth=None, round=4, fit_kwargs=None, verbose=True, system=True, add_to_model_list=True, raise_num_clusters=False, display=None, kwargs={})
2021-12-22 02:58:44,397:INFO:Checking exceptions
2021-12-22 02:58:44,397:INFO:Preparing display monitor
2021-12-22 02:58:44,409:INFO:Importing libraries
2021-12-22 02:58:44,418:INFO:Importing untrained model
2021-12-22 02:58:44,429:INFO:Isolation Forest Imported succesfully
2021-12-22 02:58:44,441:INFO:Fitting Model
2021-12-22 02:58:45,046:INFO:IForest(behaviour='new', bootstrap=False, contamination=0.05,
    max_features=1.0, max_samples='auto', n_estimators=100, n_jobs=-1,
    random_state=3838, verbose=0)
2021-12-22 02:58:45,046:INFO:create_models() succesfully completed......................................
2021-12-22 02:58:45,046:INFO:Uploading results into container
2021-12-22 02:58:45,047:INFO:Uploading model into container now
2021-12-22 02:58:45,048:INFO:create_model_container: 1
2021-12-22 02:58:45,048:INFO:master_model_container: 1
2021-12-22 02:58:45,049:INFO:display_container: 2
2021-12-22 02:58:45,049:INFO:IForest(behaviour='new', bootstrap=False, contamination=0.05,
    max_features=1.0, max_samples='auto', n_estimators=100, n_jobs=-1,
    random_state=3838, verbose=0)
2021-12-22 02:58:45,050:INFO:create_model() succesfully completed......................................
2021-12-22 02:58:45,299:INFO:Initializing save_model()
2021-12-22 02:58:45,300:INFO:save_model(model=IForest(behaviour='new', bootstrap=False, contamination=0.05,
    max_features=1.0, max_samples='auto', n_estimators=100, n_jobs=-1,
    random_state=3838, verbose=0), model_name=model, prep_pipe_=Pipeline(memory=None,
         steps=[('dtypes',
                 DataTypes_Auto_infer(categorical_features=[],
                                      display_types=False, features_todrop=[],
                                      id_columns=['MedianPeakWidthAt10%H(s)',
                                                  'TMT1_missing_values'],
                                      ml_usecase='regression',
                                      numerical_features=[],
                                      target='UNSUPERVISED_DUMMY_TARGET',
                                      time_features=[])),
                ('imputer',
                 Simple_Imputer(categorical_strategy='most frequent',
                                fill...
                ('binn', 'passthrough'), ('rem_outliers', 'passthrough'),
                ('cluster_all', 'passthrough'),
                ('dummy', Dummify(target='UNSUPERVISED_DUMMY_TARGET')),
                ('fix_perfect', Remove_100(target='UNSUPERVISED_DUMMY_TARGET')),
                ('clean_names', Clean_Colum_Names()),
                ('feature_select', 'passthrough'), ('fix_multi', 'passthrough'),
                ('dfs', 'passthrough'), ('pca', 'passthrough')],
         verbose=False), verbose=True, kwargs={})
2021-12-22 02:58:45,300:INFO:Adding model into prep_pipe
2021-12-22 02:58:45,359:INFO:model.pkl saved in current working directory
2021-12-22 02:58:45,367:INFO:Pipeline(memory=None,
         steps=[('dtypes',
                 DataTypes_Auto_infer(categorical_features=[],
                                      display_types=False, features_todrop=[],
                                      id_columns=['MedianPeakWidthAt10%H(s)',
                                                  'TMT1_missing_values'],
                                      ml_usecase='regression',
                                      numerical_features=[],
                                      target='UNSUPERVISED_DUMMY_TARGET',
                                      time_features=[])),
                ('imputer',
                 Simple_Imputer(categorical_strategy='most frequent',
                                fill...
                ('fix_perfect', Remove_100(target='UNSUPERVISED_DUMMY_TARGET')),
                ('clean_names', Clean_Colum_Names()),
                ('feature_select', 'passthrough'), ('fix_multi', 'passthrough'),
                ('dfs', 'passthrough'), ('pca', 'passthrough'),
                ['trained_model',
                 IForest(behaviour='new', bootstrap=False, contamination=0.05,
    max_features=1.0, max_samples='auto', n_estimators=100, n_jobs=-1,
    random_state=3838, verbose=0)]],
         verbose=False)
2021-12-22 02:58:45,367:INFO:save_model() successfully completed......................................
2021-12-22 02:58:45,596:INFO:Initializing load_model()
2021-12-22 02:58:45,596:INFO:load_model(model_name=model, platform=None, authentication=None, verbose=True)
2021-12-22 02:59:08,152:INFO:PyCaret Supervised Module
2021-12-22 02:59:08,152:INFO:ML Usecase: anomaly
2021-12-22 02:59:08,153:INFO:version 2.3.5
2021-12-22 02:59:08,153:INFO:Initializing setup()
2021-12-22 02:59:08,153:INFO:setup(target=None, ml_usecase=anomaly, available_plots={'tsne': 'Anomaly TSnE (3d)', 'umap': 'UMAP Dimensionality'}, train_size=0.7, test_data=None, preprocess=True, imputation_type=simple, iterative_imputation_iters=5, categorical_features=None, categorical_imputation=mode, categorical_iterative_imputer=lightgbm, ordinal_features=None, high_cardinality_features=None, high_cardinality_method=frequency, numeric_features=None, numeric_imputation=mean, numeric_iterative_imputer=lightgbm, date_features=None, ignore_features=None, normalize=False, normalize_method=zscore, transformation=False, transformation_method=yeo-johnson, handle_unknown_categorical=True, unknown_categorical_method=least_frequent, pca=False, pca_method=linear, pca_components=None, ignore_low_variance=True, combine_rare_levels=False, rare_level_threshold=0.1, bin_numeric_features=None, remove_outliers=False, outliers_threshold=0.05, remove_multicollinearity=False, multicollinearity_threshold=0.9, remove_perfect_collinearity=True, create_clusters=False, cluster_iter=20, polynomial_features=False, polynomial_degree=2, trigonometry_features=False, polynomial_threshold=0.1, group_features=None, group_names=None, feature_selection=False, feature_selection_threshold=0.8, feature_selection_method=classic, feature_interaction=False, feature_ratio=False, interaction_threshold=0.01, fix_imbalance=False, fix_imbalance_method=None, transform_target=False, transform_target_method=box-cox, data_split_shuffle=False, data_split_stratify=False, fold_strategy=kfold, fold=10, fold_shuffle=False, fold_groups=None, n_jobs=-1, use_gpu=False, custom_pipeline=None, html=True, session_id=None, log_experiment=False, experiment_name=None, log_plots=False, log_profile=False, log_data=False, silent=True, verbose=True, profile=False, profile_kwargs=None, display=None)
2021-12-22 02:59:08,156:INFO:Checking environment
2021-12-22 02:59:08,156:INFO:python_version: 3.8.5
2021-12-22 02:59:08,156:INFO:python_build: ('default', 'Sep  4 2020 07:30:14')
2021-12-22 02:59:08,156:INFO:machine: x86_64
2021-12-22 02:59:08,211:INFO:platform: Linux-4.15.0-142-generic-x86_64-with-glibc2.10
2021-12-22 02:59:08,212:INFO:Memory: svmem(total=12590649344, available=9122979840, percent=27.5, used=3108667392, free=630067200, active=6525739008, inactive=4398071808, buffers=2242871296, cached=6609043456, shared=38969344, slab=865931264)
2021-12-22 02:59:08,214:INFO:Physical Core: 8
2021-12-22 02:59:08,215:INFO:Logical Core: 8
2021-12-22 02:59:08,215:INFO:Checking libraries
2021-12-22 02:59:08,215:INFO:pd==1.3.5
2021-12-22 02:59:08,215:INFO:numpy==1.19.5
2021-12-22 02:59:08,215:INFO:sklearn==0.23.2
2021-12-22 02:59:08,215:INFO:lightgbm==3.3.1
2021-12-22 02:59:08,216:WARNING:catboost not found
2021-12-22 02:59:08,216:WARNING:xgboost not found
2021-12-22 02:59:08,643:INFO:mlflow==1.22.0
2021-12-22 02:59:08,643:INFO:Checking Exceptions
2021-12-22 02:59:08,644:INFO:Declaring global variables
2021-12-22 02:59:08,644:INFO:USI: 839d
2021-12-22 02:59:08,644:INFO:pycaret_globals: {'create_model_container', 'log_plots_param', 'imputation_classifier', 'USI', 'target_param', 'iterative_imputation_iters_param', 'experiment__', 'gpu_param', '_gpu_n_jobs_param', 'transform_target_method_param', 'fix_imbalance_param', 'html_param', 'transform_target_param', '_internal_pipeline', 'seed', 'exp_name_log', 'prep_pipe', 'stratify_param', 'fold_param', '_available_plots', '_ml_usecase', 'logging_param', 'X', 'fold_shuffle_param', 'fold_groups_param', 'fold_groups_param_full', 'fix_imbalance_method_param', 'master_model_container', 'fold_generator', 'imputation_regressor', '_all_models_internal', '_all_metrics', '_all_models', 'display_container', 'pycaret_globals', 'n_jobs_param', 'data_before_preprocess'}
2021-12-22 02:59:08,644:INFO:Preparing display monitor
2021-12-22 02:59:08,644:INFO:Preparing display monitor
2021-12-22 02:59:08,655:INFO:Importing libraries
2021-12-22 02:59:08,655:INFO:Copying data for preprocessing
2021-12-22 02:59:08,659:INFO:Declaring preprocessing parameters
2021-12-22 02:59:08,661:INFO:Creating preprocessing pipeline
2021-12-22 02:59:08,724:INFO:Preprocessing pipeline created successfully
2021-12-22 02:59:08,724:ERROR:(Process Exit): setup has been interupted with user command 'quit'. setup must rerun.
2021-12-22 02:59:08,724:INFO:Creating global containers
2021-12-22 02:59:08,726:INFO:Internal pipeline: Pipeline(memory=None, steps=[('empty_step', 'passthrough')], verbose=False)
2021-12-22 02:59:09,319:INFO:Creating grid variables
2021-12-22 02:59:09,324:INFO:create_model_container: 0
2021-12-22 02:59:09,324:INFO:master_model_container: 0
2021-12-22 02:59:09,324:INFO:display_container: 1
2021-12-22 02:59:09,330:INFO:Pipeline(memory=None,
         steps=[('dtypes',
                 DataTypes_Auto_infer(categorical_features=[],
                                      display_types=False, features_todrop=[],
                                      id_columns=['MedianPeakWidthAt10%H(s)',
                                                  'TMT1_missing_values'],
                                      ml_usecase='regression',
                                      numerical_features=[],
                                      target='UNSUPERVISED_DUMMY_TARGET',
                                      time_features=[])),
                ('imputer',
                 Simple_Imputer(categorical_strategy='most frequent',
                                fill...
                ('binn', 'passthrough'), ('rem_outliers', 'passthrough'),
                ('cluster_all', 'passthrough'),
                ('dummy', Dummify(target='UNSUPERVISED_DUMMY_TARGET')),
                ('fix_perfect', Remove_100(target='UNSUPERVISED_DUMMY_TARGET')),
                ('clean_names', Clean_Colum_Names()),
                ('feature_select', 'passthrough'), ('fix_multi', 'passthrough'),
                ('dfs', 'passthrough'), ('pca', 'passthrough')],
         verbose=False)
2021-12-22 02:59:09,331:INFO:setup() succesfully completed......................................
2021-12-22 02:59:09,549:INFO:Initializing create_model()
2021-12-22 02:59:09,554:INFO:create_model(estimator=iforest, num_clusters=4, fraction=0.05, ground_truth=None, round=4, fit_kwargs=None, verbose=True, system=True, add_to_model_list=True, raise_num_clusters=False, display=None, kwargs={})
2021-12-22 02:59:09,565:INFO:Checking exceptions
2021-12-22 02:59:09,566:INFO:Preparing display monitor
2021-12-22 02:59:09,579:INFO:Importing libraries
2021-12-22 02:59:09,589:INFO:Importing untrained model
2021-12-22 02:59:09,599:INFO:Isolation Forest Imported succesfully
2021-12-22 02:59:09,609:INFO:Fitting Model
2021-12-22 02:59:10,134:INFO:IForest(behaviour='new', bootstrap=False, contamination=0.05,
    max_features=1.0, max_samples='auto', n_estimators=100, n_jobs=-1,
    random_state=2559, verbose=0)
2021-12-22 02:59:10,134:INFO:create_models() succesfully completed......................................
2021-12-22 02:59:10,134:INFO:Uploading results into container
2021-12-22 02:59:10,135:INFO:Uploading model into container now
2021-12-22 02:59:10,135:INFO:create_model_container: 1
2021-12-22 02:59:10,135:INFO:master_model_container: 1
2021-12-22 02:59:10,135:INFO:display_container: 2
2021-12-22 02:59:10,136:INFO:IForest(behaviour='new', bootstrap=False, contamination=0.05,
    max_features=1.0, max_samples='auto', n_estimators=100, n_jobs=-1,
    random_state=2559, verbose=0)
2021-12-22 02:59:10,136:INFO:create_model() succesfully completed......................................
2021-12-22 02:59:10,358:INFO:Initializing save_model()
2021-12-22 02:59:10,358:INFO:save_model(model=IForest(behaviour='new', bootstrap=False, contamination=0.05,
    max_features=1.0, max_samples='auto', n_estimators=100, n_jobs=-1,
    random_state=2559, verbose=0), model_name=model, prep_pipe_=Pipeline(memory=None,
         steps=[('dtypes',
                 DataTypes_Auto_infer(categorical_features=[],
                                      display_types=False, features_todrop=[],
                                      id_columns=['MedianPeakWidthAt10%H(s)',
                                                  'TMT1_missing_values'],
                                      ml_usecase='regression',
                                      numerical_features=[],
                                      target='UNSUPERVISED_DUMMY_TARGET',
                                      time_features=[])),
                ('imputer',
                 Simple_Imputer(categorical_strategy='most frequent',
                                fill...
                ('binn', 'passthrough'), ('rem_outliers', 'passthrough'),
                ('cluster_all', 'passthrough'),
                ('dummy', Dummify(target='UNSUPERVISED_DUMMY_TARGET')),
                ('fix_perfect', Remove_100(target='UNSUPERVISED_DUMMY_TARGET')),
                ('clean_names', Clean_Colum_Names()),
                ('feature_select', 'passthrough'), ('fix_multi', 'passthrough'),
                ('dfs', 'passthrough'), ('pca', 'passthrough')],
         verbose=False), verbose=True, kwargs={})
2021-12-22 02:59:10,359:INFO:Adding model into prep_pipe
2021-12-22 02:59:10,417:INFO:model.pkl saved in current working directory
2021-12-22 02:59:10,424:INFO:Pipeline(memory=None,
         steps=[('dtypes',
                 DataTypes_Auto_infer(categorical_features=[],
                                      display_types=False, features_todrop=[],
                                      id_columns=['MedianPeakWidthAt10%H(s)',
                                                  'TMT1_missing_values'],
                                      ml_usecase='regression',
                                      numerical_features=[],
                                      target='UNSUPERVISED_DUMMY_TARGET',
                                      time_features=[])),
                ('imputer',
                 Simple_Imputer(categorical_strategy='most frequent',
                                fill...
                ('fix_perfect', Remove_100(target='UNSUPERVISED_DUMMY_TARGET')),
                ('clean_names', Clean_Colum_Names()),
                ('feature_select', 'passthrough'), ('fix_multi', 'passthrough'),
                ('dfs', 'passthrough'), ('pca', 'passthrough'),
                ['trained_model',
                 IForest(behaviour='new', bootstrap=False, contamination=0.05,
    max_features=1.0, max_samples='auto', n_estimators=100, n_jobs=-1,
    random_state=2559, verbose=0)]],
         verbose=False)
2021-12-22 02:59:10,424:INFO:save_model() successfully completed......................................
2021-12-22 02:59:10,642:INFO:Initializing load_model()
2021-12-22 02:59:10,642:INFO:load_model(model_name=model, platform=None, authentication=None, verbose=True)
2021-12-22 03:02:01,534:INFO:PyCaret Supervised Module
2021-12-22 03:02:01,535:INFO:ML Usecase: anomaly
2021-12-22 03:02:01,536:INFO:version 2.3.5
2021-12-22 03:02:01,536:INFO:Initializing setup()
2021-12-22 03:02:01,536:INFO:setup(target=None, ml_usecase=anomaly, available_plots={'tsne': 'Anomaly TSnE (3d)', 'umap': 'UMAP Dimensionality'}, train_size=0.7, test_data=None, preprocess=True, imputation_type=simple, iterative_imputation_iters=5, categorical_features=None, categorical_imputation=mode, categorical_iterative_imputer=lightgbm, ordinal_features=None, high_cardinality_features=None, high_cardinality_method=frequency, numeric_features=None, numeric_imputation=mean, numeric_iterative_imputer=lightgbm, date_features=None, ignore_features=None, normalize=False, normalize_method=zscore, transformation=False, transformation_method=yeo-johnson, handle_unknown_categorical=True, unknown_categorical_method=least_frequent, pca=False, pca_method=linear, pca_components=None, ignore_low_variance=True, combine_rare_levels=False, rare_level_threshold=0.1, bin_numeric_features=None, remove_outliers=False, outliers_threshold=0.05, remove_multicollinearity=False, multicollinearity_threshold=0.9, remove_perfect_collinearity=True, create_clusters=False, cluster_iter=20, polynomial_features=False, polynomial_degree=2, trigonometry_features=False, polynomial_threshold=0.1, group_features=None, group_names=None, feature_selection=False, feature_selection_threshold=0.8, feature_selection_method=classic, feature_interaction=False, feature_ratio=False, interaction_threshold=0.01, fix_imbalance=False, fix_imbalance_method=None, transform_target=False, transform_target_method=box-cox, data_split_shuffle=False, data_split_stratify=False, fold_strategy=kfold, fold=10, fold_shuffle=False, fold_groups=None, n_jobs=-1, use_gpu=False, custom_pipeline=None, html=True, session_id=None, log_experiment=False, experiment_name=None, log_plots=False, log_profile=False, log_data=False, silent=True, verbose=True, profile=False, profile_kwargs=None, display=None)
2021-12-22 03:02:01,536:INFO:Checking environment
2021-12-22 03:02:01,536:INFO:python_version: 3.8.5
2021-12-22 03:02:01,537:INFO:python_build: ('default', 'Sep  4 2020 07:30:14')
2021-12-22 03:02:01,537:INFO:machine: x86_64
2021-12-22 03:02:01,619:INFO:platform: Linux-4.15.0-142-generic-x86_64-with-glibc2.10
2021-12-22 03:02:01,620:INFO:Memory: svmem(total=12590649344, available=9123364864, percent=27.5, used=3108282368, free=630226944, active=6533435392, inactive=4389642240, buffers=2242871296, cached=6609268736, shared=38969344, slab=867033088)
2021-12-22 03:02:01,630:INFO:Physical Core: 8
2021-12-22 03:02:01,630:INFO:Logical Core: 8
2021-12-22 03:02:01,630:INFO:Checking libraries
2021-12-22 03:02:01,631:INFO:pd==1.3.5
2021-12-22 03:02:01,631:INFO:numpy==1.19.5
2021-12-22 03:02:01,631:INFO:sklearn==0.23.2
2021-12-22 03:02:01,631:INFO:lightgbm==3.3.1
2021-12-22 03:02:01,632:WARNING:catboost not found
2021-12-22 03:02:01,633:WARNING:xgboost not found
2021-12-22 03:02:02,013:INFO:mlflow==1.22.0
2021-12-22 03:02:02,014:INFO:Checking Exceptions
2021-12-22 03:02:02,014:INFO:Declaring global variables
2021-12-22 03:02:02,014:INFO:USI: f7d6
2021-12-22 03:02:02,015:INFO:pycaret_globals: {'fold_param', 'fix_imbalance_param', 'fold_generator', 'gpu_param', 'experiment__', 'fold_groups_param_full', 'n_jobs_param', 'exp_name_log', 'display_container', 'fold_shuffle_param', 'master_model_container', 'transform_target_method_param', 'prep_pipe', 'data_before_preprocess', 'logging_param', 'stratify_param', 'pycaret_globals', '_ml_usecase', 'X', '_gpu_n_jobs_param', 'log_plots_param', '_all_models_internal', 'fix_imbalance_method_param', 'imputation_regressor', '_all_models', '_all_metrics', 'iterative_imputation_iters_param', 'transform_target_param', '_internal_pipeline', 'imputation_classifier', 'USI', 'fold_groups_param', '_available_plots', 'html_param', 'seed', 'target_param', 'create_model_container'}
2021-12-22 03:02:02,015:INFO:Preparing display monitor
2021-12-22 03:02:02,015:INFO:Preparing display monitor
2021-12-22 03:02:02,027:INFO:Importing libraries
2021-12-22 03:02:02,027:INFO:Copying data for preprocessing
2021-12-22 03:02:02,031:INFO:Declaring preprocessing parameters
2021-12-22 03:02:02,034:INFO:Creating preprocessing pipeline
2021-12-22 03:02:02,108:INFO:Preprocessing pipeline created successfully
2021-12-22 03:02:02,109:ERROR:(Process Exit): setup has been interupted with user command 'quit'. setup must rerun.
2021-12-22 03:02:02,109:INFO:Creating global containers
2021-12-22 03:02:02,111:INFO:Internal pipeline: Pipeline(memory=None, steps=[('empty_step', 'passthrough')], verbose=False)
2021-12-22 03:02:02,863:INFO:Creating grid variables
2021-12-22 03:02:02,868:INFO:create_model_container: 0
2021-12-22 03:02:02,868:INFO:master_model_container: 0
2021-12-22 03:02:02,868:INFO:display_container: 1
2021-12-22 03:02:02,875:INFO:Pipeline(memory=None,
         steps=[('dtypes',
                 DataTypes_Auto_infer(categorical_features=[],
                                      display_types=False, features_todrop=[],
                                      id_columns=['MedianPeakWidthAt10%H(s)',
                                                  'TMT1_missing_values'],
                                      ml_usecase='regression',
                                      numerical_features=[],
                                      target='UNSUPERVISED_DUMMY_TARGET',
                                      time_features=[])),
                ('imputer',
                 Simple_Imputer(categorical_strategy='most frequent',
                                fill...
                ('binn', 'passthrough'), ('rem_outliers', 'passthrough'),
                ('cluster_all', 'passthrough'),
                ('dummy', Dummify(target='UNSUPERVISED_DUMMY_TARGET')),
                ('fix_perfect', Remove_100(target='UNSUPERVISED_DUMMY_TARGET')),
                ('clean_names', Clean_Colum_Names()),
                ('feature_select', 'passthrough'), ('fix_multi', 'passthrough'),
                ('dfs', 'passthrough'), ('pca', 'passthrough')],
         verbose=False)
2021-12-22 03:02:02,875:INFO:setup() succesfully completed......................................
2021-12-22 03:02:03,144:INFO:Initializing create_model()
2021-12-22 03:02:03,145:INFO:create_model(estimator=iforest, num_clusters=4, fraction=0.05, ground_truth=None, round=4, fit_kwargs=None, verbose=True, system=True, add_to_model_list=True, raise_num_clusters=False, display=None, kwargs={})
2021-12-22 03:02:03,145:INFO:Checking exceptions
2021-12-22 03:02:03,145:INFO:Preparing display monitor
2021-12-22 03:02:03,162:INFO:Importing libraries
2021-12-22 03:02:03,175:INFO:Importing untrained model
2021-12-22 03:02:03,188:INFO:Isolation Forest Imported succesfully
2021-12-22 03:02:03,199:INFO:Fitting Model
2021-12-22 03:02:03,901:INFO:IForest(behaviour='new', bootstrap=False, contamination=0.05,
    max_features=1.0, max_samples='auto', n_estimators=100, n_jobs=-1,
    random_state=3028, verbose=0)
2021-12-22 03:02:03,902:INFO:create_models() succesfully completed......................................
2021-12-22 03:02:03,902:INFO:Uploading results into container
2021-12-22 03:02:03,903:INFO:Uploading model into container now
2021-12-22 03:02:03,903:INFO:create_model_container: 1
2021-12-22 03:02:03,904:INFO:master_model_container: 1
2021-12-22 03:02:03,904:INFO:display_container: 2
2021-12-22 03:02:03,904:INFO:IForest(behaviour='new', bootstrap=False, contamination=0.05,
    max_features=1.0, max_samples='auto', n_estimators=100, n_jobs=-1,
    random_state=3028, verbose=0)
2021-12-22 03:02:03,905:INFO:create_model() succesfully completed......................................
2021-12-22 03:02:04,163:INFO:Initializing save_model()
2021-12-22 03:02:04,164:INFO:save_model(model=IForest(behaviour='new', bootstrap=False, contamination=0.05,
    max_features=1.0, max_samples='auto', n_estimators=100, n_jobs=-1,
    random_state=3028, verbose=0), model_name=model, prep_pipe_=Pipeline(memory=None,
         steps=[('dtypes',
                 DataTypes_Auto_infer(categorical_features=[],
                                      display_types=False, features_todrop=[],
                                      id_columns=['MedianPeakWidthAt10%H(s)',
                                                  'TMT1_missing_values'],
                                      ml_usecase='regression',
                                      numerical_features=[],
                                      target='UNSUPERVISED_DUMMY_TARGET',
                                      time_features=[])),
                ('imputer',
                 Simple_Imputer(categorical_strategy='most frequent',
                                fill...
                ('binn', 'passthrough'), ('rem_outliers', 'passthrough'),
                ('cluster_all', 'passthrough'),
                ('dummy', Dummify(target='UNSUPERVISED_DUMMY_TARGET')),
                ('fix_perfect', Remove_100(target='UNSUPERVISED_DUMMY_TARGET')),
                ('clean_names', Clean_Colum_Names()),
                ('feature_select', 'passthrough'), ('fix_multi', 'passthrough'),
                ('dfs', 'passthrough'), ('pca', 'passthrough')],
         verbose=False), verbose=True, kwargs={})
2021-12-22 03:02:04,164:INFO:Adding model into prep_pipe
2021-12-22 03:02:04,219:INFO:model.pkl saved in current working directory
2021-12-22 03:02:04,227:INFO:Pipeline(memory=None,
         steps=[('dtypes',
                 DataTypes_Auto_infer(categorical_features=[],
                                      display_types=False, features_todrop=[],
                                      id_columns=['MedianPeakWidthAt10%H(s)',
                                                  'TMT1_missing_values'],
                                      ml_usecase='regression',
                                      numerical_features=[],
                                      target='UNSUPERVISED_DUMMY_TARGET',
                                      time_features=[])),
                ('imputer',
                 Simple_Imputer(categorical_strategy='most frequent',
                                fill...
                ('fix_perfect', Remove_100(target='UNSUPERVISED_DUMMY_TARGET')),
                ('clean_names', Clean_Colum_Names()),
                ('feature_select', 'passthrough'), ('fix_multi', 'passthrough'),
                ('dfs', 'passthrough'), ('pca', 'passthrough'),
                ['trained_model',
                 IForest(behaviour='new', bootstrap=False, contamination=0.05,
    max_features=1.0, max_samples='auto', n_estimators=100, n_jobs=-1,
    random_state=3028, verbose=0)]],
         verbose=False)
2021-12-22 03:02:04,228:INFO:save_model() successfully completed......................................
2021-12-22 03:02:04,461:INFO:Initializing load_model()
2021-12-22 03:02:04,461:INFO:load_model(model_name=model, platform=None, authentication=None, verbose=True)
2021-12-22 03:02:31,102:INFO:PyCaret Supervised Module
2021-12-22 03:02:31,103:INFO:ML Usecase: anomaly
2021-12-22 03:02:31,103:INFO:version 2.3.5
2021-12-22 03:02:31,103:INFO:Initializing setup()
2021-12-22 03:02:31,103:INFO:setup(target=None, ml_usecase=anomaly, available_plots={'tsne': 'Anomaly TSnE (3d)', 'umap': 'UMAP Dimensionality'}, train_size=0.7, test_data=None, preprocess=True, imputation_type=simple, iterative_imputation_iters=5, categorical_features=None, categorical_imputation=mode, categorical_iterative_imputer=lightgbm, ordinal_features=None, high_cardinality_features=None, high_cardinality_method=frequency, numeric_features=None, numeric_imputation=mean, numeric_iterative_imputer=lightgbm, date_features=None, ignore_features=None, normalize=False, normalize_method=zscore, transformation=False, transformation_method=yeo-johnson, handle_unknown_categorical=True, unknown_categorical_method=least_frequent, pca=False, pca_method=linear, pca_components=None, ignore_low_variance=True, combine_rare_levels=False, rare_level_threshold=0.1, bin_numeric_features=None, remove_outliers=False, outliers_threshold=0.05, remove_multicollinearity=False, multicollinearity_threshold=0.9, remove_perfect_collinearity=True, create_clusters=False, cluster_iter=20, polynomial_features=False, polynomial_degree=2, trigonometry_features=False, polynomial_threshold=0.1, group_features=None, group_names=None, feature_selection=False, feature_selection_threshold=0.8, feature_selection_method=classic, feature_interaction=False, feature_ratio=False, interaction_threshold=0.01, fix_imbalance=False, fix_imbalance_method=None, transform_target=False, transform_target_method=box-cox, data_split_shuffle=False, data_split_stratify=False, fold_strategy=kfold, fold=10, fold_shuffle=False, fold_groups=None, n_jobs=-1, use_gpu=False, custom_pipeline=None, html=True, session_id=None, log_experiment=False, experiment_name=None, log_plots=False, log_profile=False, log_data=False, silent=True, verbose=True, profile=False, profile_kwargs=None, display=None)
2021-12-22 03:02:31,103:INFO:Checking environment
2021-12-22 03:02:31,104:INFO:python_version: 3.8.5
2021-12-22 03:02:31,104:INFO:python_build: ('default', 'Sep  4 2020 07:30:14')
2021-12-22 03:02:31,104:INFO:machine: x86_64
2021-12-22 03:02:31,167:INFO:platform: Linux-4.15.0-142-generic-x86_64-with-glibc2.10
2021-12-22 03:02:31,168:INFO:Memory: svmem(total=12590649344, available=9137258496, percent=27.4, used=3094384640, free=644034560, active=6519783424, inactive=4387995648, buffers=2242871296, cached=6609358848, shared=38969344, slab=867880960)
2021-12-22 03:02:31,171:INFO:Physical Core: 8
2021-12-22 03:02:31,171:INFO:Logical Core: 8
2021-12-22 03:02:31,171:INFO:Checking libraries
2021-12-22 03:02:31,172:INFO:pd==1.3.5
2021-12-22 03:02:31,172:INFO:numpy==1.19.5
2021-12-22 03:02:31,172:INFO:sklearn==0.23.2
2021-12-22 03:02:31,172:INFO:lightgbm==3.3.1
2021-12-22 03:02:31,173:WARNING:catboost not found
2021-12-22 03:02:31,173:WARNING:xgboost not found
2021-12-22 03:02:31,623:INFO:mlflow==1.22.0
2021-12-22 03:02:31,624:INFO:Checking Exceptions
2021-12-22 03:02:31,624:INFO:Declaring global variables
2021-12-22 03:02:31,624:INFO:USI: 0603
2021-12-22 03:02:31,625:INFO:pycaret_globals: {'fold_param', 'pycaret_globals', 'X', 'fold_shuffle_param', 'n_jobs_param', 'imputation_regressor', 'fold_groups_param_full', 'create_model_container', '_all_metrics', 'transform_target_param', 'fix_imbalance_param', 'gpu_param', '_internal_pipeline', '_available_plots', 'logging_param', 'fix_imbalance_method_param', 'log_plots_param', 'stratify_param', 'seed', 'data_before_preprocess', 'fold_generator', '_gpu_n_jobs_param', '_all_models', '_ml_usecase', 'fold_groups_param', 'exp_name_log', 'display_container', '_all_models_internal', 'master_model_container', 'html_param', 'target_param', 'prep_pipe', 'experiment__', 'iterative_imputation_iters_param', 'imputation_classifier', 'transform_target_method_param', 'USI'}
2021-12-22 03:02:31,625:INFO:Preparing display monitor
2021-12-22 03:02:31,625:INFO:Preparing display monitor
2021-12-22 03:02:31,637:INFO:Importing libraries
2021-12-22 03:02:31,637:INFO:Copying data for preprocessing
2021-12-22 03:02:31,642:INFO:Declaring preprocessing parameters
2021-12-22 03:02:31,646:INFO:Creating preprocessing pipeline
2021-12-22 03:02:31,721:INFO:Preprocessing pipeline created successfully
2021-12-22 03:02:31,722:ERROR:(Process Exit): setup has been interupted with user command 'quit'. setup must rerun.
2021-12-22 03:02:31,722:INFO:Creating global containers
2021-12-22 03:02:31,723:INFO:Internal pipeline: Pipeline(memory=None, steps=[('empty_step', 'passthrough')], verbose=False)
2021-12-22 03:02:32,401:INFO:Creating grid variables
2021-12-22 03:02:32,406:INFO:create_model_container: 0
2021-12-22 03:02:32,407:INFO:master_model_container: 0
2021-12-22 03:02:32,407:INFO:display_container: 1
2021-12-22 03:02:32,413:INFO:Pipeline(memory=None,
         steps=[('dtypes',
                 DataTypes_Auto_infer(categorical_features=[],
                                      display_types=False, features_todrop=[],
                                      id_columns=['MedianPeakWidthAt10%H(s)',
                                                  'TMT1_missing_values'],
                                      ml_usecase='regression',
                                      numerical_features=[],
                                      target='UNSUPERVISED_DUMMY_TARGET',
                                      time_features=[])),
                ('imputer',
                 Simple_Imputer(categorical_strategy='most frequent',
                                fill...
                ('binn', 'passthrough'), ('rem_outliers', 'passthrough'),
                ('cluster_all', 'passthrough'),
                ('dummy', Dummify(target='UNSUPERVISED_DUMMY_TARGET')),
                ('fix_perfect', Remove_100(target='UNSUPERVISED_DUMMY_TARGET')),
                ('clean_names', Clean_Colum_Names()),
                ('feature_select', 'passthrough'), ('fix_multi', 'passthrough'),
                ('dfs', 'passthrough'), ('pca', 'passthrough')],
         verbose=False)
2021-12-22 03:02:32,413:INFO:setup() succesfully completed......................................
2021-12-22 03:02:32,630:INFO:Initializing create_model()
2021-12-22 03:02:32,631:INFO:create_model(estimator=iforest, num_clusters=4, fraction=0.05, ground_truth=None, round=4, fit_kwargs=None, verbose=True, system=True, add_to_model_list=True, raise_num_clusters=False, display=None, kwargs={})
2021-12-22 03:02:32,631:INFO:Checking exceptions
2021-12-22 03:02:32,631:INFO:Preparing display monitor
2021-12-22 03:02:32,644:INFO:Importing libraries
2021-12-22 03:02:32,655:INFO:Importing untrained model
2021-12-22 03:02:32,666:INFO:Isolation Forest Imported succesfully
2021-12-22 03:02:32,678:INFO:Fitting Model
2021-12-22 03:02:33,261:INFO:IForest(behaviour='new', bootstrap=False, contamination=0.05,
    max_features=1.0, max_samples='auto', n_estimators=100, n_jobs=-1,
    random_state=5996, verbose=0)
2021-12-22 03:02:33,261:INFO:create_models() succesfully completed......................................
2021-12-22 03:02:33,261:INFO:Uploading results into container
2021-12-22 03:02:33,262:INFO:Uploading model into container now
2021-12-22 03:02:33,262:INFO:create_model_container: 1
2021-12-22 03:02:33,262:INFO:master_model_container: 1
2021-12-22 03:02:33,263:INFO:display_container: 2
2021-12-22 03:02:33,263:INFO:IForest(behaviour='new', bootstrap=False, contamination=0.05,
    max_features=1.0, max_samples='auto', n_estimators=100, n_jobs=-1,
    random_state=5996, verbose=0)
2021-12-22 03:02:33,263:INFO:create_model() succesfully completed......................................
2021-12-22 03:02:33,477:INFO:Initializing save_model()
2021-12-22 03:02:33,478:INFO:save_model(model=IForest(behaviour='new', bootstrap=False, contamination=0.05,
    max_features=1.0, max_samples='auto', n_estimators=100, n_jobs=-1,
    random_state=5996, verbose=0), model_name=model, prep_pipe_=Pipeline(memory=None,
         steps=[('dtypes',
                 DataTypes_Auto_infer(categorical_features=[],
                                      display_types=False, features_todrop=[],
                                      id_columns=['MedianPeakWidthAt10%H(s)',
                                                  'TMT1_missing_values'],
                                      ml_usecase='regression',
                                      numerical_features=[],
                                      target='UNSUPERVISED_DUMMY_TARGET',
                                      time_features=[])),
                ('imputer',
                 Simple_Imputer(categorical_strategy='most frequent',
                                fill...
                ('binn', 'passthrough'), ('rem_outliers', 'passthrough'),
                ('cluster_all', 'passthrough'),
                ('dummy', Dummify(target='UNSUPERVISED_DUMMY_TARGET')),
                ('fix_perfect', Remove_100(target='UNSUPERVISED_DUMMY_TARGET')),
                ('clean_names', Clean_Colum_Names()),
                ('feature_select', 'passthrough'), ('fix_multi', 'passthrough'),
                ('dfs', 'passthrough'), ('pca', 'passthrough')],
         verbose=False), verbose=True, kwargs={})
2021-12-22 03:02:33,478:INFO:Adding model into prep_pipe
2021-12-22 03:02:33,536:INFO:model.pkl saved in current working directory
2021-12-22 03:02:33,543:INFO:Pipeline(memory=None,
         steps=[('dtypes',
                 DataTypes_Auto_infer(categorical_features=[],
                                      display_types=False, features_todrop=[],
                                      id_columns=['MedianPeakWidthAt10%H(s)',
                                                  'TMT1_missing_values'],
                                      ml_usecase='regression',
                                      numerical_features=[],
                                      target='UNSUPERVISED_DUMMY_TARGET',
                                      time_features=[])),
                ('imputer',
                 Simple_Imputer(categorical_strategy='most frequent',
                                fill...
                ('fix_perfect', Remove_100(target='UNSUPERVISED_DUMMY_TARGET')),
                ('clean_names', Clean_Colum_Names()),
                ('feature_select', 'passthrough'), ('fix_multi', 'passthrough'),
                ('dfs', 'passthrough'), ('pca', 'passthrough'),
                ['trained_model',
                 IForest(behaviour='new', bootstrap=False, contamination=0.05,
    max_features=1.0, max_samples='auto', n_estimators=100, n_jobs=-1,
    random_state=5996, verbose=0)]],
         verbose=False)
2021-12-22 03:02:33,543:INFO:save_model() successfully completed......................................
2021-12-22 03:02:33,744:INFO:Initializing load_model()
2021-12-22 03:02:33,744:INFO:load_model(model_name=model, platform=None, authentication=None, verbose=True)
2021-12-22 03:03:44,583:INFO:PyCaret Supervised Module
2021-12-22 03:03:44,584:INFO:ML Usecase: anomaly
2021-12-22 03:03:44,585:INFO:version 2.3.5
2021-12-22 03:03:44,585:INFO:Initializing setup()
2021-12-22 03:03:44,585:INFO:setup(target=None, ml_usecase=anomaly, available_plots={'tsne': 'Anomaly TSnE (3d)', 'umap': 'UMAP Dimensionality'}, train_size=0.7, test_data=None, preprocess=True, imputation_type=simple, iterative_imputation_iters=5, categorical_features=None, categorical_imputation=mode, categorical_iterative_imputer=lightgbm, ordinal_features=None, high_cardinality_features=None, high_cardinality_method=frequency, numeric_features=None, numeric_imputation=mean, numeric_iterative_imputer=lightgbm, date_features=None, ignore_features=None, normalize=False, normalize_method=zscore, transformation=False, transformation_method=yeo-johnson, handle_unknown_categorical=True, unknown_categorical_method=least_frequent, pca=False, pca_method=linear, pca_components=None, ignore_low_variance=True, combine_rare_levels=False, rare_level_threshold=0.1, bin_numeric_features=None, remove_outliers=False, outliers_threshold=0.05, remove_multicollinearity=False, multicollinearity_threshold=0.9, remove_perfect_collinearity=True, create_clusters=False, cluster_iter=20, polynomial_features=False, polynomial_degree=2, trigonometry_features=False, polynomial_threshold=0.1, group_features=None, group_names=None, feature_selection=False, feature_selection_threshold=0.8, feature_selection_method=classic, feature_interaction=False, feature_ratio=False, interaction_threshold=0.01, fix_imbalance=False, fix_imbalance_method=None, transform_target=False, transform_target_method=box-cox, data_split_shuffle=False, data_split_stratify=False, fold_strategy=kfold, fold=10, fold_shuffle=False, fold_groups=None, n_jobs=-1, use_gpu=False, custom_pipeline=None, html=True, session_id=None, log_experiment=False, experiment_name=None, log_plots=False, log_profile=False, log_data=False, silent=True, verbose=True, profile=False, profile_kwargs=None, display=None)
2021-12-22 03:03:44,586:INFO:Checking environment
2021-12-22 03:03:44,586:INFO:python_version: 3.8.5
2021-12-22 03:03:44,587:INFO:python_build: ('default', 'Sep  4 2020 07:30:14')
2021-12-22 03:03:44,587:INFO:machine: x86_64
2021-12-22 03:03:44,655:INFO:platform: Linux-4.15.0-142-generic-x86_64-with-glibc2.10
2021-12-22 03:03:44,656:INFO:Memory: svmem(total=12590649344, available=9111199744, percent=27.6, used=3120447488, free=617897984, active=6547177472, inactive=4386869248, buffers=2242871296, cached=6609432576, shared=38969344, slab=867426304)
2021-12-22 03:03:44,662:INFO:Physical Core: 8
2021-12-22 03:03:44,663:INFO:Logical Core: 8
2021-12-22 03:03:44,663:INFO:Checking libraries
2021-12-22 03:03:44,664:INFO:pd==1.3.5
2021-12-22 03:03:44,664:INFO:numpy==1.19.5
2021-12-22 03:03:44,665:INFO:sklearn==0.23.2
2021-12-22 03:03:44,666:INFO:lightgbm==3.3.1
2021-12-22 03:03:44,667:WARNING:catboost not found
2021-12-22 03:03:44,667:WARNING:xgboost not found
2021-12-22 03:03:45,073:INFO:mlflow==1.22.0
2021-12-22 03:03:45,073:INFO:Checking Exceptions
2021-12-22 03:03:45,074:INFO:Declaring global variables
2021-12-22 03:03:45,075:INFO:USI: 533d
2021-12-22 03:03:45,075:INFO:pycaret_globals: {'fold_generator', 'html_param', 'logging_param', 'fix_imbalance_param', 'fold_shuffle_param', 'experiment__', 'pycaret_globals', '_all_metrics', 'X', 'create_model_container', '_ml_usecase', 'fold_groups_param_full', 'display_container', 'fix_imbalance_method_param', 'n_jobs_param', '_all_models_internal', 'stratify_param', 'target_param', '_available_plots', 'fold_groups_param', 'master_model_container', '_gpu_n_jobs_param', 'prep_pipe', 'imputation_regressor', '_all_models', 'transform_target_method_param', 'seed', 'iterative_imputation_iters_param', 'log_plots_param', 'data_before_preprocess', 'exp_name_log', 'fold_param', 'imputation_classifier', 'USI', 'transform_target_param', '_internal_pipeline', 'gpu_param'}
2021-12-22 03:03:45,076:INFO:Preparing display monitor
2021-12-22 03:03:45,076:INFO:Preparing display monitor
2021-12-22 03:03:45,093:INFO:Importing libraries
2021-12-22 03:03:45,093:INFO:Copying data for preprocessing
2021-12-22 03:03:45,099:INFO:Declaring preprocessing parameters
2021-12-22 03:03:45,102:INFO:Creating preprocessing pipeline
2021-12-22 03:03:45,171:INFO:Preprocessing pipeline created successfully
2021-12-22 03:03:45,171:ERROR:(Process Exit): setup has been interupted with user command 'quit'. setup must rerun.
2021-12-22 03:03:45,172:INFO:Creating global containers
2021-12-22 03:03:45,173:INFO:Internal pipeline: Pipeline(memory=None, steps=[('empty_step', 'passthrough')], verbose=False)
2021-12-22 03:03:45,775:INFO:Creating grid variables
2021-12-22 03:03:45,780:INFO:create_model_container: 0
2021-12-22 03:03:45,781:INFO:master_model_container: 0
2021-12-22 03:03:45,781:INFO:display_container: 1
2021-12-22 03:03:45,788:INFO:Pipeline(memory=None,
         steps=[('dtypes',
                 DataTypes_Auto_infer(categorical_features=[],
                                      display_types=False, features_todrop=[],
                                      id_columns=['MedianPeakWidthAt10%H(s)',
                                                  'TMT1_missing_values'],
                                      ml_usecase='regression',
                                      numerical_features=[],
                                      target='UNSUPERVISED_DUMMY_TARGET',
                                      time_features=[])),
                ('imputer',
                 Simple_Imputer(categorical_strategy='most frequent',
                                fill...
                ('binn', 'passthrough'), ('rem_outliers', 'passthrough'),
                ('cluster_all', 'passthrough'),
                ('dummy', Dummify(target='UNSUPERVISED_DUMMY_TARGET')),
                ('fix_perfect', Remove_100(target='UNSUPERVISED_DUMMY_TARGET')),
                ('clean_names', Clean_Colum_Names()),
                ('feature_select', 'passthrough'), ('fix_multi', 'passthrough'),
                ('dfs', 'passthrough'), ('pca', 'passthrough')],
         verbose=False)
2021-12-22 03:03:45,788:INFO:setup() succesfully completed......................................
2021-12-22 03:03:46,025:INFO:Initializing create_model()
2021-12-22 03:03:46,026:INFO:create_model(estimator=iforest, num_clusters=4, fraction=0.05, ground_truth=None, round=4, fit_kwargs=None, verbose=True, system=True, add_to_model_list=True, raise_num_clusters=False, display=None, kwargs={})
2021-12-22 03:03:46,027:INFO:Checking exceptions
2021-12-22 03:03:46,027:INFO:Preparing display monitor
2021-12-22 03:03:46,040:INFO:Importing libraries
2021-12-22 03:03:46,052:INFO:Importing untrained model
2021-12-22 03:03:46,065:INFO:Isolation Forest Imported succesfully
2021-12-22 03:03:46,079:INFO:Fitting Model
2021-12-22 03:03:46,808:INFO:IForest(behaviour='new', bootstrap=False, contamination=0.05,
    max_features=1.0, max_samples='auto', n_estimators=100, n_jobs=-1,
    random_state=384, verbose=0)
2021-12-22 03:03:46,809:INFO:create_models() succesfully completed......................................
2021-12-22 03:03:46,809:INFO:Uploading results into container
2021-12-22 03:03:46,811:INFO:Uploading model into container now
2021-12-22 03:03:46,811:INFO:create_model_container: 1
2021-12-22 03:03:46,812:INFO:master_model_container: 1
2021-12-22 03:03:46,812:INFO:display_container: 2
2021-12-22 03:03:46,813:INFO:IForest(behaviour='new', bootstrap=False, contamination=0.05,
    max_features=1.0, max_samples='auto', n_estimators=100, n_jobs=-1,
    random_state=384, verbose=0)
2021-12-22 03:03:46,813:INFO:create_model() succesfully completed......................................
2021-12-22 03:03:47,104:INFO:Initializing save_model()
2021-12-22 03:03:47,105:INFO:save_model(model=IForest(behaviour='new', bootstrap=False, contamination=0.05,
    max_features=1.0, max_samples='auto', n_estimators=100, n_jobs=-1,
    random_state=384, verbose=0), model_name=model, prep_pipe_=Pipeline(memory=None,
         steps=[('dtypes',
                 DataTypes_Auto_infer(categorical_features=[],
                                      display_types=False, features_todrop=[],
                                      id_columns=['MedianPeakWidthAt10%H(s)',
                                                  'TMT1_missing_values'],
                                      ml_usecase='regression',
                                      numerical_features=[],
                                      target='UNSUPERVISED_DUMMY_TARGET',
                                      time_features=[])),
                ('imputer',
                 Simple_Imputer(categorical_strategy='most frequent',
                                fill...
                ('binn', 'passthrough'), ('rem_outliers', 'passthrough'),
                ('cluster_all', 'passthrough'),
                ('dummy', Dummify(target='UNSUPERVISED_DUMMY_TARGET')),
                ('fix_perfect', Remove_100(target='UNSUPERVISED_DUMMY_TARGET')),
                ('clean_names', Clean_Colum_Names()),
                ('feature_select', 'passthrough'), ('fix_multi', 'passthrough'),
                ('dfs', 'passthrough'), ('pca', 'passthrough')],
         verbose=False), verbose=True, kwargs={})
2021-12-22 03:03:47,105:INFO:Adding model into prep_pipe
2021-12-22 03:03:47,178:INFO:model.pkl saved in current working directory
2021-12-22 03:03:47,186:INFO:Pipeline(memory=None,
         steps=[('dtypes',
                 DataTypes_Auto_infer(categorical_features=[],
                                      display_types=False, features_todrop=[],
                                      id_columns=['MedianPeakWidthAt10%H(s)',
                                                  'TMT1_missing_values'],
                                      ml_usecase='regression',
                                      numerical_features=[],
                                      target='UNSUPERVISED_DUMMY_TARGET',
                                      time_features=[])),
                ('imputer',
                 Simple_Imputer(categorical_strategy='most frequent',
                                fill...
                ('fix_perfect', Remove_100(target='UNSUPERVISED_DUMMY_TARGET')),
                ('clean_names', Clean_Colum_Names()),
                ('feature_select', 'passthrough'), ('fix_multi', 'passthrough'),
                ('dfs', 'passthrough'), ('pca', 'passthrough'),
                ['trained_model',
                 IForest(behaviour='new', bootstrap=False, contamination=0.05,
    max_features=1.0, max_samples='auto', n_estimators=100, n_jobs=-1,
    random_state=384, verbose=0)]],
         verbose=False)
2021-12-22 03:03:47,187:INFO:save_model() successfully completed......................................
2021-12-22 03:03:47,417:INFO:Initializing load_model()
2021-12-22 03:03:47,418:INFO:load_model(model_name=model, platform=None, authentication=None, verbose=True)
2021-12-22 03:31:59,309:INFO:PyCaret Supervised Module
2021-12-22 03:31:59,310:INFO:ML Usecase: anomaly
2021-12-22 03:31:59,310:INFO:version 2.3.5
2021-12-22 03:31:59,310:INFO:Initializing setup()
2021-12-22 03:31:59,310:INFO:setup(target=None, ml_usecase=anomaly, available_plots={'tsne': 'Anomaly TSnE (3d)', 'umap': 'UMAP Dimensionality'}, train_size=0.7, test_data=None, preprocess=True, imputation_type=simple, iterative_imputation_iters=5, categorical_features=None, categorical_imputation=mode, categorical_iterative_imputer=lightgbm, ordinal_features=None, high_cardinality_features=None, high_cardinality_method=frequency, numeric_features=None, numeric_imputation=mean, numeric_iterative_imputer=lightgbm, date_features=None, ignore_features=None, normalize=False, normalize_method=zscore, transformation=False, transformation_method=yeo-johnson, handle_unknown_categorical=True, unknown_categorical_method=least_frequent, pca=False, pca_method=linear, pca_components=None, ignore_low_variance=True, combine_rare_levels=False, rare_level_threshold=0.1, bin_numeric_features=None, remove_outliers=False, outliers_threshold=0.05, remove_multicollinearity=False, multicollinearity_threshold=0.9, remove_perfect_collinearity=True, create_clusters=False, cluster_iter=20, polynomial_features=False, polynomial_degree=2, trigonometry_features=False, polynomial_threshold=0.1, group_features=None, group_names=None, feature_selection=False, feature_selection_threshold=0.8, feature_selection_method=classic, feature_interaction=False, feature_ratio=False, interaction_threshold=0.01, fix_imbalance=False, fix_imbalance_method=None, transform_target=False, transform_target_method=box-cox, data_split_shuffle=False, data_split_stratify=False, fold_strategy=kfold, fold=10, fold_shuffle=False, fold_groups=None, n_jobs=-1, use_gpu=False, custom_pipeline=None, html=True, session_id=None, log_experiment=False, experiment_name=None, log_plots=False, log_profile=False, log_data=False, silent=True, verbose=True, profile=False, profile_kwargs=None, display=None)
2021-12-22 03:31:59,310:INFO:Checking environment
2021-12-22 03:31:59,310:INFO:python_version: 3.8.5
2021-12-22 03:31:59,310:INFO:python_build: ('default', 'Sep  4 2020 07:30:14')
2021-12-22 03:31:59,311:INFO:machine: x86_64
2021-12-22 03:31:59,376:INFO:platform: Linux-4.15.0-142-generic-x86_64-with-glibc2.10
2021-12-22 03:31:59,377:INFO:Memory: svmem(total=12590649344, available=9165893632, percent=27.2, used=3066507264, free=229511168, active=6561202176, inactive=4721950720, buffers=2263384064, cached=7031246848, shared=38965248, slab=907325440)
2021-12-22 03:31:59,380:INFO:Physical Core: 8
2021-12-22 03:31:59,380:INFO:Logical Core: 8
2021-12-22 03:31:59,380:INFO:Checking libraries
2021-12-22 03:31:59,380:INFO:pd==1.3.5
2021-12-22 03:31:59,380:INFO:numpy==1.19.5
2021-12-22 03:31:59,380:INFO:sklearn==0.23.2
2021-12-22 03:31:59,380:INFO:lightgbm==3.3.1
2021-12-22 03:31:59,381:WARNING:catboost not found
2021-12-22 03:31:59,381:WARNING:xgboost not found
2021-12-22 03:31:59,700:INFO:mlflow==1.22.0
2021-12-22 03:31:59,700:INFO:Checking Exceptions
2021-12-22 03:31:59,700:INFO:Declaring global variables
2021-12-22 03:31:59,700:INFO:USI: 86f9
2021-12-22 03:31:59,701:INFO:pycaret_globals: {'html_param', 'exp_name_log', '_gpu_n_jobs_param', 'log_plots_param', 'create_model_container', 'gpu_param', 'master_model_container', 'stratify_param', 'transform_target_method_param', 'n_jobs_param', 'seed', 'fold_groups_param', 'display_container', 'imputation_classifier', '_all_models', 'prep_pipe', 'USI', '_available_plots', 'experiment__', '_internal_pipeline', 'target_param', '_all_metrics', 'fix_imbalance_method_param', 'transform_target_param', '_ml_usecase', 'fix_imbalance_param', 'logging_param', 'imputation_regressor', 'fold_generator', 'X', 'pycaret_globals', 'fold_shuffle_param', 'fold_groups_param_full', 'iterative_imputation_iters_param', 'data_before_preprocess', '_all_models_internal', 'fold_param'}
2021-12-22 03:31:59,701:INFO:Preparing display monitor
2021-12-22 03:31:59,701:INFO:Preparing display monitor
2021-12-22 03:31:59,711:INFO:Importing libraries
2021-12-22 03:31:59,711:INFO:Copying data for preprocessing
2021-12-22 03:31:59,714:INFO:Declaring preprocessing parameters
2021-12-22 03:31:59,716:INFO:Creating preprocessing pipeline
2021-12-22 03:31:59,782:INFO:Preprocessing pipeline created successfully
2021-12-22 03:31:59,782:ERROR:(Process Exit): setup has been interupted with user command 'quit'. setup must rerun.
2021-12-22 03:31:59,782:INFO:Creating global containers
2021-12-22 03:31:59,783:INFO:Internal pipeline: Pipeline(memory=None, steps=[('empty_step', 'passthrough')], verbose=False)
2021-12-22 03:32:00,341:INFO:Creating grid variables
2021-12-22 03:32:00,347:INFO:create_model_container: 0
2021-12-22 03:32:00,347:INFO:master_model_container: 0
2021-12-22 03:32:00,347:INFO:display_container: 1
2021-12-22 03:32:00,356:INFO:Pipeline(memory=None,
         steps=[('dtypes',
                 DataTypes_Auto_infer(categorical_features=[],
                                      display_types=False, features_todrop=[],
                                      id_columns=['MedianPeakWidthAt10%H(s)',
                                                  'TMT1_missing_values'],
                                      ml_usecase='regression',
                                      numerical_features=[],
                                      target='UNSUPERVISED_DUMMY_TARGET',
                                      time_features=[])),
                ('imputer',
                 Simple_Imputer(categorical_strategy='most frequent',
                                fill...
                ('binn', 'passthrough'), ('rem_outliers', 'passthrough'),
                ('cluster_all', 'passthrough'),
                ('dummy', Dummify(target='UNSUPERVISED_DUMMY_TARGET')),
                ('fix_perfect', Remove_100(target='UNSUPERVISED_DUMMY_TARGET')),
                ('clean_names', Clean_Colum_Names()),
                ('feature_select', 'passthrough'), ('fix_multi', 'passthrough'),
                ('dfs', 'passthrough'), ('pca', 'passthrough')],
         verbose=False)
2021-12-22 03:32:00,356:INFO:setup() succesfully completed......................................
2021-12-22 03:32:00,697:INFO:Initializing create_model()
2021-12-22 03:32:00,700:INFO:create_model(estimator=iforest, num_clusters=4, fraction=0.05, ground_truth=None, round=4, fit_kwargs=None, verbose=True, system=True, add_to_model_list=True, raise_num_clusters=False, display=None, kwargs={})
2021-12-22 03:32:00,700:INFO:Checking exceptions
2021-12-22 03:32:00,701:INFO:Preparing display monitor
2021-12-22 03:32:00,712:INFO:Importing libraries
2021-12-22 03:32:00,720:INFO:Importing untrained model
2021-12-22 03:32:00,731:INFO:Isolation Forest Imported succesfully
2021-12-22 03:32:00,743:INFO:Fitting Model
2021-12-22 03:32:01,374:INFO:IForest(behaviour='new', bootstrap=False, contamination=0.05,
    max_features=1.0, max_samples='auto', n_estimators=100, n_jobs=-1,
    random_state=613, verbose=0)
2021-12-22 03:32:01,375:INFO:create_models() succesfully completed......................................
2021-12-22 03:32:01,375:INFO:Uploading results into container
2021-12-22 03:32:01,376:INFO:Uploading model into container now
2021-12-22 03:32:01,376:INFO:create_model_container: 1
2021-12-22 03:32:01,376:INFO:master_model_container: 1
2021-12-22 03:32:01,377:INFO:display_container: 2
2021-12-22 03:32:01,377:INFO:IForest(behaviour='new', bootstrap=False, contamination=0.05,
    max_features=1.0, max_samples='auto', n_estimators=100, n_jobs=-1,
    random_state=613, verbose=0)
2021-12-22 03:32:01,377:INFO:create_model() succesfully completed......................................
2021-12-22 03:32:01,638:INFO:Initializing save_model()
2021-12-22 03:32:01,638:INFO:save_model(model=IForest(behaviour='new', bootstrap=False, contamination=0.05,
    max_features=1.0, max_samples='auto', n_estimators=100, n_jobs=-1,
    random_state=613, verbose=0), model_name=model, prep_pipe_=Pipeline(memory=None,
         steps=[('dtypes',
                 DataTypes_Auto_infer(categorical_features=[],
                                      display_types=False, features_todrop=[],
                                      id_columns=['MedianPeakWidthAt10%H(s)',
                                                  'TMT1_missing_values'],
                                      ml_usecase='regression',
                                      numerical_features=[],
                                      target='UNSUPERVISED_DUMMY_TARGET',
                                      time_features=[])),
                ('imputer',
                 Simple_Imputer(categorical_strategy='most frequent',
                                fill...
                ('binn', 'passthrough'), ('rem_outliers', 'passthrough'),
                ('cluster_all', 'passthrough'),
                ('dummy', Dummify(target='UNSUPERVISED_DUMMY_TARGET')),
                ('fix_perfect', Remove_100(target='UNSUPERVISED_DUMMY_TARGET')),
                ('clean_names', Clean_Colum_Names()),
                ('feature_select', 'passthrough'), ('fix_multi', 'passthrough'),
                ('dfs', 'passthrough'), ('pca', 'passthrough')],
         verbose=False), verbose=True, kwargs={})
2021-12-22 03:32:01,638:INFO:Adding model into prep_pipe
2021-12-22 03:32:01,702:INFO:model.pkl saved in current working directory
2021-12-22 03:32:01,709:INFO:Pipeline(memory=None,
         steps=[('dtypes',
                 DataTypes_Auto_infer(categorical_features=[],
                                      display_types=False, features_todrop=[],
                                      id_columns=['MedianPeakWidthAt10%H(s)',
                                                  'TMT1_missing_values'],
                                      ml_usecase='regression',
                                      numerical_features=[],
                                      target='UNSUPERVISED_DUMMY_TARGET',
                                      time_features=[])),
                ('imputer',
                 Simple_Imputer(categorical_strategy='most frequent',
                                fill...
                ('fix_perfect', Remove_100(target='UNSUPERVISED_DUMMY_TARGET')),
                ('clean_names', Clean_Colum_Names()),
                ('feature_select', 'passthrough'), ('fix_multi', 'passthrough'),
                ('dfs', 'passthrough'), ('pca', 'passthrough'),
                ['trained_model',
                 IForest(behaviour='new', bootstrap=False, contamination=0.05,
    max_features=1.0, max_samples='auto', n_estimators=100, n_jobs=-1,
    random_state=613, verbose=0)]],
         verbose=False)
2021-12-22 03:32:01,710:INFO:save_model() successfully completed......................................
2021-12-22 03:32:01,929:INFO:Initializing load_model()
2021-12-22 03:32:01,929:INFO:load_model(model_name=model, platform=None, authentication=None, verbose=True)
